Determining if the pthread_create exist failed with the following output:
Change Dir: /home/nvidia/remote_ws/build/CMakeFiles/CMakeTmp

Run Build Command:"/usr/bin/make" "cmTC_dd376/fast"
/usr/bin/make -f CMakeFiles/cmTC_dd376.dir/build.make CMakeFiles/cmTC_dd376.dir/build
make[1]: Entering directory '/home/nvidia/remote_ws/build/CMakeFiles/CMakeTmp'
Building C object CMakeFiles/cmTC_dd376.dir/CheckSymbolExists.c.o
/usr/bin/cc     -o CMakeFiles/cmTC_dd376.dir/CheckSymbolExists.c.o   -c /home/nvidia/remote_ws/build/CMakeFiles/CMakeTmp/CheckSymbolExists.c
Linking C executable cmTC_dd376
/usr/bin/cmake -E cmake_link_script CMakeFiles/cmTC_dd376.dir/link.txt --verbose=1
/usr/bin/cc       CMakeFiles/cmTC_dd376.dir/CheckSymbolExists.c.o  -o cmTC_dd376 -rdynamic 
CMakeFiles/cmTC_dd376.dir/CheckSymbolExists.c.o: In function `main':
CheckSymbolExists.c:(.text+0x14): undefined reference to `pthread_create'
CheckSymbolExists.c:(.text+0x18): undefined reference to `pthread_create'
collect2: error: ld returned 1 exit status
CMakeFiles/cmTC_dd376.dir/build.make:97: recipe for target 'cmTC_dd376' failed
make[1]: *** [cmTC_dd376] Error 1
make[1]: Leaving directory '/home/nvidia/remote_ws/build/CMakeFiles/CMakeTmp'
Makefile:126: recipe for target 'cmTC_dd376/fast' failed
make: *** [cmTC_dd376/fast] Error 2

File /home/nvidia/remote_ws/build/CMakeFiles/CMakeTmp/CheckSymbolExists.c:
/* */
#include <pthread.h>

int main(int argc, char** argv)
{
  (void)argv;
#ifndef pthread_create
  return ((int*)(&pthread_create))[argc];
#else
  (void)argc;
  return 0;
#endif
}

Determining if the function pthread_create exists in the pthreads failed with the following output:
Change Dir: /home/nvidia/remote_ws/build/CMakeFiles/CMakeTmp

Run Build Command:"/usr/bin/make" "cmTC_589e9/fast"
/usr/bin/make -f CMakeFiles/cmTC_589e9.dir/build.make CMakeFiles/cmTC_589e9.dir/build
make[1]: Entering directory '/home/nvidia/remote_ws/build/CMakeFiles/CMakeTmp'
Building C object CMakeFiles/cmTC_589e9.dir/CheckFunctionExists.c.o
/usr/bin/cc    -DCHECK_FUNCTION_EXISTS=pthread_create   -o CMakeFiles/cmTC_589e9.dir/CheckFunctionExists.c.o   -c /usr/share/cmake-3.5/Modules/CheckFunctionExists.c
Linking C executable cmTC_589e9
/usr/bin/cmake -E cmake_link_script CMakeFiles/cmTC_589e9.dir/link.txt --verbose=1
/usr/bin/cc   -DCHECK_FUNCTION_EXISTS=pthread_create    CMakeFiles/cmTC_589e9.dir/CheckFunctionExists.c.o  -o cmTC_589e9 -rdynamic -lpthreads 
/usr/bin/ld: cannot find -lpthreads
collect2: error: ld returned 1 exit status
CMakeFiles/cmTC_589e9.dir/build.make:97: recipe for target 'cmTC_589e9' failed
make[1]: *** [cmTC_589e9] Error 1
make[1]: Leaving directory '/home/nvidia/remote_ws/build/CMakeFiles/CMakeTmp'
Makefile:126: recipe for target 'cmTC_589e9/fast' failed
make: *** [cmTC_589e9/fast] Error 2


